<?xml version="1.0" encoding="UTF-8"?>
<!-- Generated by org.testng.reporters.JUnitReportReporter -->
<testsuite skipped="0" hostname="x13" name="org.test.ClassB" tests="1" failures="0" timestamp="29 Sep 2024 06:19:35 GMT" time="9.621" errors="0">
  <testcase name="test" time="9.621" classname="org.test.ClassB"/>
</testsuite> <!-- org.test.ClassB -->
