<?xml version="1.0" encoding="UTF-8"?>
<!-- Generated by org.testng.reporters.JUnitReportReporter -->
<testsuite skipped="0" hostname="x13" name="org.test.ClassC" tests="3" failures="0" timestamp="29 Sep 2024 06:44:17 GMT" time="36.550" errors="0">
  <testcase name="test01" time="5.590" classname="org.test.ClassC"/>
  <testcase name="test01" time="22.624" classname="org.test.ClassC"/>
  <testcase name="test01" time="8.336" classname="org.test.ClassC"/>
</testsuite> <!-- org.test.ClassC -->
