<?xml version="1.0" encoding="UTF-8"?>
<!-- Generated by org.testng.reporters.JUnitReportReporter -->
<testsuite skipped="0" hostname="x13" name="org.test.Test" tests="3" failures="0" timestamp="30 Sep 2024 09:10:05 GMT" time="17.507" errors="0">
  <testcase name="test01" time="4.894" classname="org.test.Test"/>
  <testcase name="test01" time="6.928" classname="org.test.Test"/>
  <testcase name="test01" time="5.685" classname="org.test.Test"/>
</testsuite> <!-- org.test.Test -->
