<?xml version="1.0" encoding="UTF-8"?>
<!-- Generated by org.testng.reporters.JUnitReportReporter -->
<testsuite skipped="0" hostname="x13" name="org.test.ClassA" tests="2" failures="0" timestamp="01 Oct 2024 09:20:51 GMT" time="0.030" errors="0">
  <testcase name="test05" time="0.021" classname="org.test.ClassA"/>
  <testcase name="test04" time="0.009" classname="org.test.ClassA"/>
</testsuite> <!-- org.test.ClassA -->
